-------------------------------------------------------------------------------
Test set: epm.ViewClassicTest
-------------------------------------------------------------------------------
Tests run: 2, Failures: 1, Errors: 0, Skipped: 0, Time elapsed: 2.452 s <<< FAILURE! - in epm.ViewClassicTest
ensureSelectedStationIdInListviewAppearOnTextFlied(epm.ViewClassicTest)  Time elapsed: 0.707 s  <<< FAILURE!
java.lang.AssertionError
	at epm.ViewClassicTest.ensureSelectedStationIdInListviewAppearOnTextFlied(ViewClassicTest.java:25)

